<?xml version="1.0" encoding="UTF-8" ?>
<testsuites>
  <testsuite errors="0" failures="1" hostname="Valhalla" id="0" name="Desenvolver cenarios de criacao de grupos de pesquisadores atraves da selecao de pesquisadores e ou outros grupos" package="" tests="2" time="1.466" timestamp="2016-11-08T03:24:54">
      <properties />

      <testcase classname="grails.plugin.cucumber.CucumberTest" name="Criar grupo de pesquisa novo" time="0.942">
          <failure message="assert createResearcherGroup(arg1, controladorGrupo, pesquisadores)&#xa;       |                     |     |                 |&#xa;       null                  |     |                 [rpa.Researcher : 1, rpa.Researcher : 2]&#xa;                             |     rpa.ResearchGroupController@c52137d&#xa;                             InteligênciaArtificialCIn" type="grails.plugin.cucumber.FakeAssertionFailedError">Assertion failed: 

assert createResearcherGroup(arg1, controladorGrupo, pesquisadores)
       |                     |     |                 |
       null                  |     |                 [rpa.Researcher : 1, rpa.Researcher : 2]
                             |     rpa.ResearchGroupController@c52137d
                             InteligênciaArtificialCIn

	at cucumber.steps.GroupsSteps$_run_closure2.doCall(GroupsSteps.groovy:28)
	at ✽.And O grupo &quot;InteligênciaArtificialCIn&quot; contem &quot;TeresaLudermir&quot; e &quot;PauloAdeodato&quot;(support/groups.feature:5)
</failure>

      </testcase>

      <testcase classname="grails.plugin.cucumber.CucumberTest" name="Criar grupo de pesquisa a partir de grupos de pesquisa" time="0.011" />

      <system-out><![CDATA[Feature: Desenvolver cenarios de criacao de grupos de pesquisadores atraves da selecao de pesquisadores e ou outros grupos

--Output from Criar grupo de pesquisa novo--
--Output from Criar grupo de pesquisa a partir de grupos de pesquisa--
  Scenario: Criar grupo de pesquisa novo                                                                                                                                                       # support/groups.feature:3
    Given O sistema nao contem o grupo "CIn" cadastrado no seu database                                                                                                                        # GroupsSteps.groovy:16
    And O grupo "InteligênciaArtificialCIn" contem "TeresaLudermir" e "PauloAdeodato"                                                                                                          # GroupsSteps.groovy:20
      Assertion failed: 
      
      assert createResearcherGroup(arg1, controladorGrupo, pesquisadores)
             |                     |     |                 |
             null                  |     |                 [rpa.Researcher : 1, rpa.Researcher : 2]
                                   |     rpa.ResearchGroupController@c52137d
                                   InteligênciaArtificialCIn
      
      	at cucumber.steps.GroupsSteps$_run_closure2.doCall(GroupsSteps.groovy:28)
      	at ✽.And O grupo "InteligênciaArtificialCIn" contem "TeresaLudermir" e "PauloAdeodato"(support/groups.feature:5)

    When O sistema recebe uma submissao para adicionar o grupo "CIn" com uma lista de  participantes contendo "PauloBorba", "FernandoCastor" e o grupo de pesquisa "InteligênciaArtificialCIn" # GroupsSteps.groovy:32
    Then O sistema cria o grupo "CIn", com "PauloBorba", "FernandoCastor", "TeresaLudermir" e "PauloAdeodato" nele, no seu database                                                            # GroupsSteps.groovy:36

  Scenario: Criar grupo de pesquisa a partir de grupos de pesquisa                                                                              # support/groups.feature:9
    Given Eu estou na pagina de Criacao de Grupos                                                                                               # GroupsSteps.groovy:41
    And Eu vejo os grupos "RealidadeAumentada", "EngenhariaDeSoftware" e "BiologiaComputacional"                                                # GroupsSteps.groovy:44
    And O pesquisador "VeronicaTeichrieb" pertence ao grupo "RealidadeAumentada"                                                                # GroupsSteps.groovy:48
    And O pesquisador "FernandoCastor" pertence ao grupo "EngenhariaDeSoftware"                                                                 # GroupsSteps.groovy:48
    And O pesquisador "PauloSoares" pertence ao grupo "BiologiaComputacional"                                                                   # GroupsSteps.groovy:48
    When Eu seleciono a opcao de criar para o grupo "CIn" com os grupos  "RealidadeAumentada", "EngenhariaDeSoftware" e "BiologiaComputacional" # GroupsSteps.groovy:52
    Then Eu vejo que o grupo "CIn" foi criado com os pesquisadores "VeronicaTeichrieb", "FernandoCastor" e "PauloSoares"                        # GroupsSteps.groovy:56
]]></system-out>

      <system-err><![CDATA[
--Output from Criar grupo de pesquisa novo--
--Output from Criar grupo de pesquisa a partir de grupos de pesquisa--]]></system-err>

  </testsuite>
</testsuites>
